TN:
SF:/Users/richard/Projects/seneca/config/dist/config-doc.js
DA:1,1
DA:2,1
DA:3,1
DA:4,1
DA:5,1
DA:6,1
DA:7,1
DA:8,1
LF:7
LH:7
end_of_record
TN:
SF:/Users/richard/Projects/seneca/config/dist/config.js
DA:1,1
DA:2,1
DA:3,1
DA:4,1
DA:5,1
DA:6,1
DA:7,1
DA:8,1
DA:9,1
DA:10,1
DA:11,1
DA:12,1
DA:13,1
DA:14,1
DA:15,1
DA:16,1
DA:17,1
DA:18,1
DA:19,1
DA:20,1
DA:21,1
DA:22,1
DA:23,1
DA:24,1
DA:25,1
DA:26,1
DA:27,4
DA:28,4
DA:29,4
DA:30,1
DA:31,1
DA:32,1
DA:33,1
DA:34,1
DA:35,1
DA:36,4
DA:37,2
DA:38,1
DA:39,1
DA:40,1
DA:41,1
DA:42,1
DA:43,0
DA:44,1
DA:45,1
DA:46,1
DA:47,1
DA:48,1
DA:49,1
DA:50,2
DA:51,1
DA:52,2
DA:53,2
DA:54,2
DA:55,1
DA:56,1
DA:57,2
DA:58,1
DA:59,1
DA:60,1
DA:61,1
DA:62,2
DA:63,2
DA:64,1
DA:65,1
DA:66,1
DA:67,1
DA:68,1
DA:69,1
DA:70,1
DA:71,1
DA:72,5
DA:73,1
DA:74,5
DA:75,5
DA:76,5
DA:77,5
DA:78,5
DA:79,1
DA:80,1
DA:81,4
DA:82,4
DA:83,4
DA:84,1
DA:85,8
DA:86,8
DA:87,1
DA:88,1
DA:89,1
DA:90,1
DA:91,0
DA:92,8
DA:93,0
DA:94,8
DA:95,1
DA:96,0
DA:97,1
DA:98,1
DA:99,4
DA:100,4
DA:101,1
DA:102,1
DA:103,1
DA:104,6
DA:105,1
DA:106,6
DA:107,6
DA:108,6
DA:109,6
DA:110,6
DA:111,1
DA:112,1
DA:113,5
DA:114,0
DA:115,0
DA:116,1
DA:117,1
DA:118,1
DA:119,1
DA:120,1
DA:121,1
DA:122,5
DA:123,0
DA:124,0
DA:125,1
DA:126,1
DA:127,1
DA:128,1
DA:129,1
DA:130,1
DA:131,5
DA:132,1
DA:133,1
DA:134,1
DA:135,5
DA:136,1
DA:137,1
DA:138,1
DA:139,5
DA:140,4
DA:141,1
DA:142,5
DA:143,5
DA:144,1
DA:145,5
DA:146,5
DA:147,1
DA:148,5
DA:149,1
DA:150,1
DA:151,4
DA:152,1
DA:153,1
DA:154,1
DA:155,1
DA:156,1
DA:157,8
DA:158,2
DA:159,0
DA:160,1
DA:161,0
DA:162,0
DA:163,1
DA:164,0
DA:165,2
DA:166,1
DA:167,1
DA:168,0
DA:169,2
DA:170,1
DA:171,1
DA:172,1
DA:173,1
DA:174,8
DA:175,1
DA:176,1
DA:177,1
DA:178,1
DA:179,1
DA:180,5
DA:181,5
DA:182,5
DA:183,1
DA:184,1
DA:185,1
DA:186,1
DA:187,2
DA:188,0
DA:189,0
DA:190,1
DA:191,1
DA:192,1
DA:193,1
DA:194,1
DA:195,0
DA:196,0
DA:197,1
DA:198,1
DA:199,1
DA:200,0
DA:201,1
DA:202,1
DA:203,1
DA:204,1
DA:205,1
DA:206,1
DA:207,5
DA:208,0
DA:209,1
DA:210,1
DA:211,1
DA:212,1
DA:213,1
DA:214,1
LF:197
LH:178
end_of_record
